<?xml version="1.0" encoding="UTF-8"?>
<!-- Generated by org.testng.reporters.JUnitReportReporter -->
<testsuite hostname="WKWIN5154091" failures="0" tests="3" name="com.qa.test.GetRacingInfo" time="6.695" errors="0" timestamp="2019-10-03T16:41:53 IST" skipped="0">
  <testcase classname="com.qa.test.GetRacingInfo" name="weatherInfoTest" time="0.355"/>
  <testcase classname="com.qa.test.GetRacingInfo" name="weatherInfoTest" time="0.423"/>
  <testcase classname="com.qa.test.GetRacingInfo" name="weatherInfoTest" time="5.917"/>
</testsuite> <!-- com.qa.test.GetRacingInfo -->
