<?xml version="1.0" encoding="UTF-8"?>
<!-- Generated by org.testng.reporters.JUnitReportReporter -->
<testsuite hostname="WKWIN5154091" failures="0" tests="1" name="com.qa.test.GoRest" time="2.738" errors="0" timestamp="2019-10-05T20:08:55 IST" skipped="0">
  <testcase classname="com.qa.test.GoRest" name="getUserInfo" time="2.738"/>
</testsuite> <!-- com.qa.test.GoRest -->
