<?xml version="1.0" encoding="UTF-8"?>
<!-- Generated by org.testng.reporters.JUnitReportReporter -->
<testsuite hostname="WKWIN5154091" failures="0" tests="1" name="com.qa.test.SchemaValidation" time="2.894" errors="0" timestamp="2019-10-06T18:49:08 IST" skipped="0">
  <testcase classname="com.qa.test.SchemaValidation" name="validateSchema" time="2.894"/>
</testsuite> <!-- com.qa.test.SchemaValidation -->
