<?xml version="1.0" encoding="UTF-8"?>
<!-- Generated by org.testng.reporters.JUnitReportReporter -->
<testsuite hostname="WKWIN5154091" failures="0" tests="1" name="com.qa.test.GetFormulaOneInfo" time="5.750" errors="0" timestamp="2019-10-02T12:25:27 IST" skipped="0">
  <testcase classname="com.qa.test.GetFormulaOneInfo" name="formulaOneInfoTest" time="5.750"/>
</testsuite> <!-- com.qa.test.GetFormulaOneInfo -->
