<?xml version="1.0" encoding="UTF-8"?>
<!-- Generated by org.testng.reporters.JUnitReportReporter -->
<testsuite hostname="WKWIN5154091" failures="0" tests="1" name="com.qa.test.PostUserDetails" time="0.964" errors="0" timestamp="2019-10-06T23:30:19 IST" skipped="0">
  <testcase classname="com.qa.test.PostUserDetails" name="postUserDetails" time="0.964"/>
</testsuite> <!-- com.qa.test.PostUserDetails -->
