<?xml version="1.0" encoding="UTF-8"?>
<!-- Generated by org.testng.reporters.JUnitReportReporter -->
<testsuite hostname="WKWIN5154091" failures="0" tests="1" name="com.qa.test.PutCall" time="5.836" errors="0" timestamp="2019-10-06T20:50:06 IST" skipped="0">
  <testcase classname="com.qa.test.PutCall" name="putTest" time="5.836"/>
</testsuite> <!-- com.qa.test.PutCall -->
